2022-01-01T23:01:58.627+0530 [DEBUG] [org.gradle.launcher.daemon.bootstrap.DaemonMain] Assuming the daemon was started with following jvm opts: [--add-opens, java.base/java.util=ALL-UNNAMED, --add-opens, java.base/java.lang=ALL-UNNAMED, --add-opens, java.base/java.lang.invoke=ALL-UNNAMED, --add-opens, java.prefs/java.util.prefs=ALL-UNNAMED, -XX:MaxMetaspaceSize=256m, -XX:+HeapDumpOnOutOfMemoryError, -Xms256m, -Xmx512m, -Dfile.encoding=windows-1252, -Duser.country=IN, -Duser.language=en, -Duser.variant]
2022-01-01T23:01:58.724+0530 [DEBUG] [org.gradle.internal.nativeintegration.services.NativeServices] Native-platform posix files integration is not available. Continuing with fallback.
2022-01-01T23:01:58.765+0530 [INFO] [org.gradle.launcher.daemon.server.Daemon] start() called on daemon - DefaultDaemonContext[uid=62c95be5-abaa-4b5e-aa00-e35f1c8500cc,javaHome=C:\Program Files\Android\Android Studio\jre,daemonRegistryDir=F:\car_service_mobile_app\daemon,pid=7488,idleTimeout=10800000,priority=NORMAL,daemonOpts=--add-opens,java.base/java.util=ALL-UNNAMED,--add-opens,java.base/java.lang=ALL-UNNAMED,--add-opens,java.base/java.lang.invoke=ALL-UNNAMED,--add-opens,java.prefs/java.util.prefs=ALL-UNNAMED,-XX:MaxMetaspaceSize=256m,-XX:+HeapDumpOnOutOfMemoryError,-Xms256m,-Xmx512m,-Dfile.encoding=windows-1252,-Duser.country=IN,-Duser.language=en,-Duser.variant]
2022-01-01T23:01:59.095+0530 [DEBUG] [org.gradle.internal.remote.internal.inet.InetAddresses] Adding IP addresses for network interface Software Loopback Interface 1
2022-01-01T23:01:59.097+0530 [DEBUG] [org.gradle.internal.remote.internal.inet.InetAddresses] Is this a loopback interface? true
2022-01-01T23:01:59.099+0530 [DEBUG] [org.gradle.internal.remote.internal.inet.InetAddresses] Adding loopback address /127.0.0.1
2022-01-01T23:01:59.100+0530 [DEBUG] [org.gradle.internal.remote.internal.inet.InetAddresses] Adding loopback address /0:0:0:0:0:0:0:1
2022-01-01T23:01:59.102+0530 [DEBUG] [org.gradle.internal.remote.internal.inet.InetAddresses] Adding IP addresses for network interface WAN Miniport (PPTP)
2022-01-01T23:01:59.104+0530 [DEBUG] [org.gradle.internal.remote.internal.inet.InetAddresses] Is this a loopback interface? false
2022-01-01T23:01:59.104+0530 [DEBUG] [org.gradle.internal.remote.internal.inet.InetAddresses] Adding IP addresses for network interface Microsoft 6to4 Adapter
2022-01-01T23:01:59.106+0530 [DEBUG] [org.gradle.internal.remote.internal.inet.InetAddresses] Is this a loopback interface? false
2022-01-01T23:01:59.106+0530 [DEBUG] [org.gradle.internal.remote.internal.inet.InetAddresses] Adding IP addresses for network interface PdaNet Broadband Adapter
2022-01-01T23:01:59.108+0530 [DEBUG] [org.gradle.internal.remote.internal.inet.InetAddresses] Is this a loopback interface? false
2022-01-01T23:01:59.108+0530 [DEBUG] [org.gradle.internal.remote.internal.inet.InetAddresses] Adding remote address /fe80:0:0:0:d08d:a41:b439:da5c%eth0
2022-01-01T23:01:59.109+0530 [DEBUG] [org.gradle.internal.remote.internal.inet.InetAddresses] Adding IP addresses for network interface Bluetooth Device (Personal Area Network)
2022-01-01T23:01:59.110+0530 [DEBUG] [org.gradle.internal.remote.internal.inet.InetAddresses] Is this a loopback interface? false
2022-01-01T23:01:59.111+0530 [DEBUG] [org.gradle.internal.remote.internal.inet.InetAddresses] Adding IP addresses for network interface Microsoft Wi-Fi Direct Virtual Adapter
2022-01-01T23:01:59.112+0530 [DEBUG] [org.gradle.internal.remote.internal.inet.InetAddresses] Is this a loopback interface? false
2022-01-01T23:01:59.113+0530 [DEBUG] [org.gradle.internal.remote.internal.inet.InetAddresses] Adding remote address /fe80:0:0:0:b84c:920f:24b:669b%wlan0
2022-01-01T23:01:59.113+0530 [DEBUG] [org.gradle.internal.remote.internal.inet.InetAddresses] Adding IP addresses for network interface Microsoft IP-HTTPS Platform Adapter
2022-01-01T23:01:59.114+0530 [DEBUG] [org.gradle.internal.remote.internal.inet.InetAddresses] Is this a loopback interface? false
2022-01-01T23:01:59.115+0530 [DEBUG] [org.gradle.internal.remote.internal.inet.InetAddresses] Adding IP addresses for network interface Microsoft Kernel Debug Network Adapter
2022-01-01T23:01:59.116+0530 [DEBUG] [org.gradle.internal.remote.internal.inet.InetAddresses] Is this a loopback interface? false
2022-01-01T23:01:59.117+0530 [DEBUG] [org.gradle.internal.remote.internal.inet.InetAddresses] Adding IP addresses for network interface WAN Miniport (IPv6)
2022-01-01T23:01:59.118+0530 [DEBUG] [org.gradle.internal.remote.internal.inet.InetAddresses] Is this a loopback interface? false
2022-01-01T23:01:59.118+0530 [DEBUG] [org.gradle.internal.remote.internal.inet.InetAddresses] Adding IP addresses for network interface WAN Miniport (Network Monitor)
2022-01-01T23:01:59.120+0530 [DEBUG] [org.gradle.internal.remote.internal.inet.InetAddresses] Is this a loopback interface? false
2022-01-01T23:01:59.120+0530 [DEBUG] [org.gradle.internal.remote.internal.inet.InetAddresses] Adding IP addresses for network interface WAN Miniport (IP)
2022-01-01T23:01:59.122+0530 [DEBUG] [org.gradle.internal.remote.internal.inet.InetAddresses] Is this a loopback interface? false
2022-01-01T23:01:59.122+0530 [DEBUG] [org.gradle.internal.remote.internal.inet.InetAddresses] Adding IP addresses for network interface Microsoft Wi-Fi Direct Virtual Adapter #2
2022-01-01T23:01:59.124+0530 [DEBUG] [org.gradle.internal.remote.internal.inet.InetAddresses] Is this a loopback interface? false
2022-01-01T23:01:59.124+0530 [DEBUG] [org.gradle.internal.remote.internal.inet.InetAddresses] Adding remote address /fe80:0:0:0:691d:a7d4:74db:3008%wlan1
2022-01-01T23:01:59.124+0530 [DEBUG] [org.gradle.internal.remote.internal.inet.InetAddresses] Adding IP addresses for network interface RAS Async Adapter
2022-01-01T23:01:59.126+0530 [DEBUG] [org.gradle.internal.remote.internal.inet.InetAddresses] Is this a loopback interface? false
2022-01-01T23:01:59.126+0530 [DEBUG] [org.gradle.internal.remote.internal.inet.InetAddresses] Adding IP addresses for network interface Microsoft Teredo Tunneling Adapter
2022-01-01T23:01:59.128+0530 [DEBUG] [org.gradle.internal.remote.internal.inet.InetAddresses] Is this a loopback interface? false
2022-01-01T23:01:59.128+0530 [DEBUG] [org.gradle.internal.remote.internal.inet.InetAddresses] Adding IP addresses for network interface ProtonVPN Tunnel
2022-01-01T23:01:59.130+0530 [DEBUG] [org.gradle.internal.remote.internal.inet.InetAddresses] Is this a loopback interface? false
2022-01-01T23:01:59.130+0530 [DEBUG] [org.gradle.internal.remote.internal.inet.InetAddresses] Adding IP addresses for network interface WAN Miniport (SSTP)
2022-01-01T23:01:59.132+0530 [DEBUG] [org.gradle.internal.remote.internal.inet.InetAddresses] Is this a loopback interface? false
2022-01-01T23:01:59.132+0530 [DEBUG] [org.gradle.internal.remote.internal.inet.InetAddresses] Adding IP addresses for network interface Realtek PCIe GbE Family Controller
2022-01-01T23:01:59.134+0530 [DEBUG] [org.gradle.internal.remote.internal.inet.InetAddresses] Is this a loopback interface? false
2022-01-01T23:01:59.134+0530 [DEBUG] [org.gradle.internal.remote.internal.inet.InetAddresses] Adding remote address /fe80:0:0:0:b5f1:3671:2647:f4bc%eth6
2022-01-01T23:01:59.134+0530 [DEBUG] [org.gradle.internal.remote.internal.inet.InetAddresses] Adding IP addresses for network interface WAN Miniport (IKEv2)
2022-01-01T23:01:59.136+0530 [DEBUG] [org.gradle.internal.remote.internal.inet.InetAddresses] Is this a loopback interface? false
2022-01-01T23:01:59.136+0530 [DEBUG] [org.gradle.internal.remote.internal.inet.InetAddresses] Adding IP addresses for network interface WAN Miniport (PPPOE)
2022-01-01T23:01:59.138+0530 [DEBUG] [org.gradle.internal.remote.internal.inet.InetAddresses] Is this a loopback interface? false
2022-01-01T23:01:59.138+0530 [DEBUG] [org.gradle.internal.remote.internal.inet.InetAddresses] Adding IP addresses for network interface WAN Miniport (L2TP)
2022-01-01T23:01:59.140+0530 [DEBUG] [org.gradle.internal.remote.internal.inet.InetAddresses] Is this a loopback interface? false
2022-01-01T23:01:59.140+0530 [DEBUG] [org.gradle.internal.remote.internal.inet.InetAddresses] Adding IP addresses for network interface Intel(R) Wi-Fi 6 AX201 160MHz
2022-01-01T23:01:59.142+0530 [DEBUG] [org.gradle.internal.remote.internal.inet.InetAddresses] Is this a loopback interface? false
2022-01-01T23:01:59.142+0530 [DEBUG] [org.gradle.internal.remote.internal.inet.InetAddresses] Adding remote address /192.168.255.68
2022-01-01T23:01:59.142+0530 [DEBUG] [org.gradle.internal.remote.internal.inet.InetAddresses] Adding remote address /fe80:0:0:0:cc88:aa9:80ec:9389%wlan2
2022-01-01T23:01:59.142+0530 [DEBUG] [org.gradle.internal.remote.internal.inet.InetAddresses] Adding IP addresses for network interface SAMSUNG Mobile USB Remote NDIS Network Device
2022-01-01T23:01:59.144+0530 [DEBUG] [org.gradle.internal.remote.internal.inet.InetAddresses] Is this a loopback interface? false
2022-01-01T23:01:59.144+0530 [DEBUG] [org.gradle.internal.remote.internal.inet.InetAddresses] Adding IP addresses for network interface TAP-ProtonVPN Windows Adapter V9
2022-01-01T23:01:59.146+0530 [DEBUG] [org.gradle.internal.remote.internal.inet.InetAddresses] Is this a loopback interface? false
2022-01-01T23:01:59.146+0530 [DEBUG] [org.gradle.internal.remote.internal.inet.InetAddresses] Adding remote address /fe80:0:0:0:7975:965c:7fb9:e84e%net8
2022-01-01T23:01:59.146+0530 [DEBUG] [org.gradle.internal.remote.internal.inet.InetAddresses] Adding IP addresses for network interface PdaNet Broadband Adapter-WFP Native MAC Layer LightWeight Filter-0000
2022-01-01T23:01:59.148+0530 [DEBUG] [org.gradle.internal.remote.internal.inet.InetAddresses] Is this a loopback interface? false
2022-01-01T23:01:59.148+0530 [DEBUG] [org.gradle.internal.remote.internal.inet.InetAddresses] Adding IP addresses for network interface PdaNet Broadband Adapter-QoS Packet Scheduler-0000
2022-01-01T23:01:59.150+0530 [DEBUG] [org.gradle.internal.remote.internal.inet.InetAddresses] Is this a loopback interface? false
2022-01-01T23:01:59.150+0530 [DEBUG] [org.gradle.internal.remote.internal.inet.InetAddresses] Adding IP addresses for network interface PdaNet Broadband Adapter-WFP 802.3 MAC Layer LightWeight Filter-0000
2022-01-01T23:01:59.151+0530 [DEBUG] [org.gradle.internal.remote.internal.inet.InetAddresses] Is this a loopback interface? false
2022-01-01T23:01:59.152+0530 [DEBUG] [org.gradle.internal.remote.internal.inet.InetAddresses] Adding IP addresses for network interface TAP-ProtonVPN Windows Adapter V9-WFP Native MAC Layer LightWeight Filter-0000
2022-01-01T23:01:59.154+0530 [DEBUG] [org.gradle.internal.remote.internal.inet.InetAddresses] Is this a loopback interface? false
2022-01-01T23:01:59.154+0530 [DEBUG] [org.gradle.internal.remote.internal.inet.InetAddresses] Adding IP addresses for network interface TAP-ProtonVPN Windows Adapter V9-QoS Packet Scheduler-0000
2022-01-01T23:01:59.156+0530 [DEBUG] [org.gradle.internal.remote.internal.inet.InetAddresses] Is this a loopback interface? false
2022-01-01T23:01:59.156+0530 [DEBUG] [org.gradle.internal.remote.internal.inet.InetAddresses] Adding IP addresses for network interface TAP-ProtonVPN Windows Adapter V9-WFP 802.3 MAC Layer LightWeight Filter-0000
2022-01-01T23:01:59.159+0530 [DEBUG] [org.gradle.internal.remote.internal.inet.InetAddresses] Is this a loopback interface? false
2022-01-01T23:01:59.159+0530 [DEBUG] [org.gradle.internal.remote.internal.inet.InetAddresses] Adding IP addresses for network interface Realtek PCIe GbE Family Controller-WFP Native MAC Layer LightWeight Filter-0000
2022-01-01T23:01:59.161+0530 [DEBUG] [org.gradle.internal.remote.internal.inet.InetAddresses] Is this a loopback interface? false
2022-01-01T23:01:59.161+0530 [DEBUG] [org.gradle.internal.remote.internal.inet.InetAddresses] Adding IP addresses for network interface Realtek PCIe GbE Family Controller-QoS Packet Scheduler-0000
2022-01-01T23:01:59.163+0530 [DEBUG] [org.gradle.internal.remote.internal.inet.InetAddresses] Is this a loopback interface? false
2022-01-01T23:01:59.164+0530 [DEBUG] [org.gradle.internal.remote.internal.inet.InetAddresses] Adding IP addresses for network interface Realtek PCIe GbE Family Controller-WFP 802.3 MAC Layer LightWeight Filter-0000
2022-01-01T23:01:59.166+0530 [DEBUG] [org.gradle.internal.remote.internal.inet.InetAddresses] Is this a loopback interface? false
2022-01-01T23:01:59.166+0530 [DEBUG] [org.gradle.internal.remote.internal.inet.InetAddresses] Adding IP addresses for network interface Intel(R) Wi-Fi 6 AX201 160MHz-WFP Native MAC Layer LightWeight Filter-0000
2022-01-01T23:01:59.168+0530 [DEBUG] [org.gradle.internal.remote.internal.inet.InetAddresses] Is this a loopback interface? false
2022-01-01T23:01:59.168+0530 [DEBUG] [org.gradle.internal.remote.internal.inet.InetAddresses] Adding IP addresses for network interface Intel(R) Wi-Fi 6 AX201 160MHz-Virtual WiFi Filter Driver-0000
2022-01-01T23:01:59.170+0530 [DEBUG] [org.gradle.internal.remote.internal.inet.InetAddresses] Is this a loopback interface? false
2022-01-01T23:01:59.170+0530 [DEBUG] [org.gradle.internal.remote.internal.inet.InetAddresses] Adding IP addresses for network interface Intel(R) Wi-Fi 6 AX201 160MHz-Native WiFi Filter Driver-0000
2022-01-01T23:01:59.172+0530 [DEBUG] [org.gradle.internal.remote.internal.inet.InetAddresses] Is this a loopback interface? false
2022-01-01T23:01:59.172+0530 [DEBUG] [org.gradle.internal.remote.internal.inet.InetAddresses] Adding IP addresses for network interface Intel(R) Wi-Fi 6 AX201 160MHz-QoS Packet Scheduler-0000
2022-01-01T23:01:59.174+0530 [DEBUG] [org.gradle.internal.remote.internal.inet.InetAddresses] Is this a loopback interface? false
2022-01-01T23:01:59.174+0530 [DEBUG] [org.gradle.internal.remote.internal.inet.InetAddresses] Adding IP addresses for network interface Intel(R) Wi-Fi 6 AX201 160MHz-WFP 802.3 MAC Layer LightWeight Filter-0000
2022-01-01T23:01:59.175+0530 [DEBUG] [org.gradle.internal.remote.internal.inet.InetAddresses] Is this a loopback interface? false
2022-01-01T23:01:59.175+0530 [DEBUG] [org.gradle.internal.remote.internal.inet.InetAddresses] Adding IP addresses for network interface WAN Miniport (IP)-WFP Native MAC Layer LightWeight Filter-0000
2022-01-01T23:01:59.177+0530 [DEBUG] [org.gradle.internal.remote.internal.inet.InetAddresses] Is this a loopback interface? false
2022-01-01T23:01:59.177+0530 [DEBUG] [org.gradle.internal.remote.internal.inet.InetAddresses] Adding IP addresses for network interface WAN Miniport (IP)-QoS Packet Scheduler-0000
2022-01-01T23:01:59.179+0530 [DEBUG] [org.gradle.internal.remote.internal.inet.InetAddresses] Is this a loopback interface? false
2022-01-01T23:01:59.179+0530 [DEBUG] [org.gradle.internal.remote.internal.inet.InetAddresses] Adding IP addresses for network interface WAN Miniport (IPv6)-WFP Native MAC Layer LightWeight Filter-0000
2022-01-01T23:01:59.181+0530 [DEBUG] [org.gradle.internal.remote.internal.inet.InetAddresses] Is this a loopback interface? false
2022-01-01T23:01:59.181+0530 [DEBUG] [org.gradle.internal.remote.internal.inet.InetAddresses] Adding IP addresses for network interface WAN Miniport (IPv6)-QoS Packet Scheduler-0000
2022-01-01T23:01:59.182+0530 [DEBUG] [org.gradle.internal.remote.internal.inet.InetAddresses] Is this a loopback interface? false
2022-01-01T23:01:59.182+0530 [DEBUG] [org.gradle.internal.remote.internal.inet.InetAddresses] Adding IP addresses for network interface WAN Miniport (Network Monitor)-WFP Native MAC Layer LightWeight Filter-0000
2022-01-01T23:01:59.184+0530 [DEBUG] [org.gradle.internal.remote.internal.inet.InetAddresses] Is this a loopback interface? false
2022-01-01T23:01:59.184+0530 [DEBUG] [org.gradle.internal.remote.internal.inet.InetAddresses] Adding IP addresses for network interface WAN Miniport (Network Monitor)-QoS Packet Scheduler-0000
2022-01-01T23:01:59.186+0530 [DEBUG] [org.gradle.internal.remote.internal.inet.InetAddresses] Is this a loopback interface? false
2022-01-01T23:01:59.186+0530 [DEBUG] [org.gradle.internal.remote.internal.inet.InetAddresses] Adding IP addresses for network interface Microsoft Wi-Fi Direct Virtual Adapter-WFP Native MAC Layer LightWeight Filter-0000
2022-01-01T23:01:59.188+0530 [DEBUG] [org.gradle.internal.remote.internal.inet.InetAddresses] Is this a loopback interface? false
2022-01-01T23:01:59.188+0530 [DEBUG] [org.gradle.internal.remote.internal.inet.InetAddresses] Adding IP addresses for network interface Microsoft Wi-Fi Direct Virtual Adapter-Native WiFi Filter Driver-0000
2022-01-01T23:01:59.189+0530 [DEBUG] [org.gradle.internal.remote.internal.inet.InetAddresses] Is this a loopback interface? false
2022-01-01T23:01:59.189+0530 [DEBUG] [org.gradle.internal.remote.internal.inet.InetAddresses] Adding IP addresses for network interface Microsoft Wi-Fi Direct Virtual Adapter-QoS Packet Scheduler-0000
2022-01-01T23:01:59.191+0530 [DEBUG] [org.gradle.internal.remote.internal.inet.InetAddresses] Is this a loopback interface? false
2022-01-01T23:01:59.191+0530 [DEBUG] [org.gradle.internal.remote.internal.inet.InetAddresses] Adding IP addresses for network interface Microsoft Wi-Fi Direct Virtual Adapter-WFP 802.3 MAC Layer LightWeight Filter-0000
2022-01-01T23:01:59.193+0530 [DEBUG] [org.gradle.internal.remote.internal.inet.InetAddresses] Is this a loopback interface? false
2022-01-01T23:01:59.193+0530 [DEBUG] [org.gradle.internal.remote.internal.inet.InetAddresses] Adding IP addresses for network interface Microsoft Wi-Fi Direct Virtual Adapter #2-WFP Native MAC Layer LightWeight Filter-0000
2022-01-01T23:01:59.194+0530 [DEBUG] [org.gradle.internal.remote.internal.inet.InetAddresses] Is this a loopback interface? false
2022-01-01T23:01:59.194+0530 [DEBUG] [org.gradle.internal.remote.internal.inet.InetAddresses] Adding IP addresses for network interface Microsoft Wi-Fi Direct Virtual Adapter #2-Native WiFi Filter Driver-0000
2022-01-01T23:01:59.196+0530 [DEBUG] [org.gradle.internal.remote.internal.inet.InetAddresses] Is this a loopback interface? false
2022-01-01T23:01:59.196+0530 [DEBUG] [org.gradle.internal.remote.internal.inet.InetAddresses] Adding IP addresses for network interface Microsoft Wi-Fi Direct Virtual Adapter #2-QoS Packet Scheduler-0000
2022-01-01T23:01:59.198+0530 [DEBUG] [org.gradle.internal.remote.internal.inet.InetAddresses] Is this a loopback interface? false
2022-01-01T23:01:59.198+0530 [DEBUG] [org.gradle.internal.remote.internal.inet.InetAddresses] Adding IP addresses for network interface Microsoft Wi-Fi Direct Virtual Adapter #2-WFP 802.3 MAC Layer LightWeight Filter-0000
2022-01-01T23:01:59.200+0530 [DEBUG] [org.gradle.internal.remote.internal.inet.InetAddresses] Is this a loopback interface? false
2022-01-01T23:01:59.202+0530 [DEBUG] [org.gradle.internal.remote.internal.inet.TcpIncomingConnector] Listening on [da6692a5-cb8c-44c7-a18f-5e4bb8d11bfd port:60166, addresses:[localhost/127.0.0.1]].
2022-01-01T23:01:59.211+0530 [DEBUG] [org.gradle.launcher.daemon.server.Daemon] Daemon starting at: Sat Jan 01 23:01:59 IST 2022, with address: [da6692a5-cb8c-44c7-a18f-5e4bb8d11bfd port:60166, addresses:[localhost/127.0.0.1]]
2022-01-01T23:01:59.212+0530 [INFO] [org.gradle.launcher.daemon.server.DaemonRegistryUpdater] Advertising the daemon address to the clients: [da6692a5-cb8c-44c7-a18f-5e4bb8d11bfd port:60166, addresses:[localhost/127.0.0.1]]
2022-01-01T23:01:59.212+0530 [DEBUG] [org.gradle.launcher.daemon.server.DaemonRegistryUpdater] Advertised daemon context: DefaultDaemonContext[uid=62c95be5-abaa-4b5e-aa00-e35f1c8500cc,javaHome=C:\Program Files\Android\Android Studio\jre,daemonRegistryDir=F:\car_service_mobile_app\daemon,pid=7488,idleTimeout=10800000,priority=NORMAL,daemonOpts=--add-opens,java.base/java.util=ALL-UNNAMED,--add-opens,java.base/java.lang=ALL-UNNAMED,--add-opens,java.base/java.lang.invoke=ALL-UNNAMED,--add-opens,java.prefs/java.util.prefs=ALL-UNNAMED,-XX:MaxMetaspaceSize=256m,-XX:+HeapDumpOnOutOfMemoryError,-Xms256m,-Xmx512m,-Dfile.encoding=windows-1252,-Duser.country=IN,-Duser.language=en,-Duser.variant]
2022-01-01T23:01:59.213+0530 [DEBUG] [org.gradle.launcher.daemon.registry.PersistentDaemonRegistry] Storing daemon address: [da6692a5-cb8c-44c7-a18f-5e4bb8d11bfd port:60166, addresses:[localhost/127.0.0.1]], context: DefaultDaemonContext[uid=62c95be5-abaa-4b5e-aa00-e35f1c8500cc,javaHome=C:\Program Files\Android\Android Studio\jre,daemonRegistryDir=F:\car_service_mobile_app\daemon,pid=7488,idleTimeout=10800000,priority=NORMAL,daemonOpts=--add-opens,java.base/java.util=ALL-UNNAMED,--add-opens,java.base/java.lang=ALL-UNNAMED,--add-opens,java.base/java.lang.invoke=ALL-UNNAMED,--add-opens,java.prefs/java.util.prefs=ALL-UNNAMED,-XX:MaxMetaspaceSize=256m,-XX:+HeapDumpOnOutOfMemoryError,-Xms256m,-Xmx512m,-Dfile.encoding=windows-1252,-Duser.country=IN,-Duser.language=en,-Duser.variant]
2022-01-01T23:01:59.219+0530 [DEBUG] [org.gradle.cache.internal.DefaultFileLockManager] Waiting to acquire exclusive lock on daemon addresses registry.
2022-01-01T23:01:59.222+0530 [DEBUG] [org.gradle.cache.internal.DefaultFileLockManager] Lock acquired on daemon addresses registry.
2022-01-01T23:01:59.225+0530 [DEBUG] [org.gradle.cache.internal.DefaultFileLockManager] Releasing lock on daemon addresses registry.
2022-01-01T23:01:59.225+0530 [LIFECYCLE] [org.gradle.launcher.daemon.server.Daemon] Daemon server started.
2022-01-01T23:01:59.227+0530 [DEBUG] [org.gradle.launcher.daemon.bootstrap.DaemonStartupCommunication] Completed writing the daemon greeting. Closing streams...
2022-01-01T23:01:59.231+0530 [DEBUG] [org.gradle.launcher.daemon.server.Daemon] stopOnExpiration() called on daemon
2022-01-01T23:01:59.232+0530 [DEBUG] [org.gradle.launcher.daemon.server.Daemon] awaitExpiration() called on daemon
2022-01-01T23:01:59.232+0530 [DEBUG] [org.gradle.launcher.daemon.server.DaemonStateCoordinator] daemon is running. Sleeping until state changes.
2022-01-01T23:01:59.236+0530 [DEBUG] [org.gradle.internal.remote.internal.inet.TcpIncomingConnector] Accepted connection from /127.0.0.1:60167 to /127.0.0.1:60166.
2022-01-01T23:01:59.300+0530 [DEBUG] [org.gradle.launcher.daemon.server.SynchronizedDispatchConnection] thread 20: received class org.gradle.launcher.daemon.protocol.Build
2022-01-01T23:01:59.300+0530 [DEBUG] [org.gradle.launcher.daemon.server.DefaultDaemonConnection] thread 20: Received non-IO message from client: Build{id=f05d88fc-54e4-4dd9-9db5-b04291bafc2e, currentDir=C:\Program Files\Android\Android Studio\jre\bin}
2022-01-01T23:01:59.301+0530 [INFO] [org.gradle.launcher.daemon.server.DefaultIncomingConnectionHandler] Received command: Build{id=f05d88fc-54e4-4dd9-9db5-b04291bafc2e, currentDir=C:\Program Files\Android\Android Studio\jre\bin}.
2022-01-01T23:01:59.301+0530 [DEBUG] [org.gradle.launcher.daemon.server.DefaultIncomingConnectionHandler] Starting executing command: Build{id=f05d88fc-54e4-4dd9-9db5-b04291bafc2e, currentDir=C:\Program Files\Android\Android Studio\jre\bin} with connection: socket connection from /127.0.0.1:60166 to /127.0.0.1:60167.
2022-01-01T23:01:59.303+0530 [ERROR] [org.gradle.launcher.daemon.server.DaemonStateCoordinator] Command execution: started DaemonCommandExecution[command = Build{id=f05d88fc-54e4-4dd9-9db5-b04291bafc2e, currentDir=C:\Program Files\Android\Android Studio\jre\bin}, connection = DefaultDaemonConnection: socket connection from /127.0.0.1:60166 to /127.0.0.1:60167] after 0.0 minutes of idle
2022-01-01T23:01:59.303+0530 [INFO] [org.gradle.launcher.daemon.server.DaemonRegistryUpdater] Marking the daemon as busy, address: [da6692a5-cb8c-44c7-a18f-5e4bb8d11bfd port:60166, addresses:[localhost/127.0.0.1]]
2022-01-01T23:01:59.303+0530 [DEBUG] [org.gradle.launcher.daemon.registry.PersistentDaemonRegistry] Marking busy by address: [da6692a5-cb8c-44c7-a18f-5e4bb8d11bfd port:60166, addresses:[localhost/127.0.0.1]]
2022-01-01T23:01:59.304+0530 [DEBUG] [org.gradle.cache.internal.DefaultFileLockManager] Waiting to acquire exclusive lock on daemon addresses registry.
2022-01-01T23:01:59.305+0530 [DEBUG] [org.gradle.cache.internal.DefaultFileLockManager] Lock acquired on daemon addresses registry.
2022-01-01T23:01:59.305+0530 [DEBUG] [org.gradle.cache.internal.DefaultFileLockManager] Releasing lock on daemon addresses registry.
2022-01-01T23:01:59.306+0530 [DEBUG] [org.gradle.launcher.daemon.server.DaemonStateCoordinator] resetting idle timer
2022-01-01T23:01:59.306+0530 [DEBUG] [org.gradle.launcher.daemon.server.DaemonStateCoordinator] daemon is running. Sleeping until state changes.
2022-01-01T23:01:59.307+0530 [INFO] [org.gradle.launcher.daemon.server.exec.StartBuildOrRespondWithBusy] Daemon is about to start building Build{id=f05d88fc-54e4-4dd9-9db5-b04291bafc2e, currentDir=C:\Program Files\Android\Android Studio\jre\bin}. Dispatching build started information...
2022-01-01T23:01:59.307+0530 [DEBUG] [org.gradle.launcher.daemon.server.SynchronizedDispatchConnection] thread 22: dispatching org.gradle.launcher.daemon.protocol.BuildStarted@361e86f5
2022-01-01T23:01:59.309+0530 [DEBUG] [org.gradle.launcher.daemon.server.exec.EstablishBuildEnvironment] Configuring env variables: {USERDOMAIN_ROAMINGPROFILE=DESKTOP-SBFE3S0, LOCALAPPDATA=C:\Users\BANU\AppData\Local, PROCESSOR_LEVEL=6, ChocolateyLastPathUpdate=132738142601218914, USERDOMAIN=DESKTOP-SBFE3S0, FPS_BROWSER_APP_PROFILE_STRING=Internet Explorer, LOGONSERVER=\\DESKTOP-SBFE3S0, JAVA_HOME=C:\Program Files\Java;C:\Program Files\Java\jdk-16.0.2;C:\Program Files\Java\jdk-16.0.2\bin;, SESSIONNAME=Console, ALLUSERSPROFILE=C:\ProgramData, PROCESSOR_ARCHITECTURE=AMD64, PSModulePath=C:\Program Files\WindowsPowerShell\Modules;C:\WINDOWS\system32\WindowsPowerShell\v1.0\Modules, SystemDrive=C:, OneDrive=C:\Users\BANU\OneDrive, APPDATA=C:\Users\BANU\AppData\Roaming, USERNAME=BANU, ChocolateyInstall=C:\ProgramData\chocolatey, ProgramFiles(x86)=C:\Program Files (x86), CommonProgramFiles=C:\Program Files\Common Files, Path=C:\Python39\Scripts\;C:\Python39\;C:\Program Files\Common Files\Oracle\Java\javapath;C:\WINDOWS\system32;C:\WINDOWS;C:\WINDOWS\System32\Wbem;C:\WINDOWS\System32\WindowsPowerShell\v1.0\;C:\WINDOWS\System32\OpenSSH\;C:\Program Files\nodejs\;C:\ProgramData\chocolatey\bin;C:\Program Files\Git\cmd;C:\Program Files\dotnet\;C:\WINDOWS\system32;C:\WINDOWS;C:\WINDOWS\System32\Wbem;C:\WINDOWS\System32\WindowsPowerShell\v1.0\;C:\WINDOWS\System32\OpenSSH\;C:\Program Files (x86)\NVIDIA Corporation\PhysX\Common;C:\Users\BANU\AppData\Local\Microsoft\WindowsApps;C:\Program Files\Java\jdk-16.0.2\bin;C:\Users\BANU\AppData\Local\Programs\Microsoft VS Code\bin;C:\Users\BANU\AppData\Roaming\npm;C:\Users\BANU\AppData\Local\GitHubDesktop\bin;, FPS_BROWSER_USER_PROFILE_STRING=Default, PATHEXT=.COM;.EXE;.BAT;.CMD;.VBS;.VBE;.JS;.JSE;.WSF;.WSH;.MSC;.PY;.PYW, DriverData=C:\Windows\System32\Drivers\DriverData, OS=Windows_NT, OneDriveConsumer=C:\Users\BANU\OneDrive, COMPUTERNAME=DESKTOP-SBFE3S0, PROCESSOR_REVISION=8e0c, CommonProgramW6432=C:\Program Files\Common Files, ComSpec=C:\WINDOWS\system32\cmd.exe, ProgramData=C:\ProgramData, ProgramW6432=C:\Program Files, HOMEPATH=\Users\BANU, TEMP=C:\Users\BANU\AppData\Local\Temp, SystemRoot=C:\WINDOWS, PROCESSOR_IDENTIFIER=Intel64 Family 6 Model 142 Stepping 12, GenuineIntel, USERPROFILE=C:\Users\BANU, HOMEDRIVE=C:, TMP=C:\Users\BANU\AppData\Local\Temp, PUBLIC=C:\Users\Public, ProgramFiles=C:\Program Files, CommonProgramFiles(x86)=C:\Program Files (x86)\Common Files, NUMBER_OF_PROCESSORS=8, windir=C:\WINDOWS, =::=::\, IDEA_INITIAL_DIRECTORY=C:\ProgramData\Microsoft\Windows\Start Menu\Programs\Android Studio}
2022-01-01T23:01:59.311+0530 [DEBUG] [org.gradle.launcher.daemon.server.SynchronizedDispatchConnection] thread 20: received class org.gradle.launcher.daemon.protocol.CloseInput
2022-01-01T23:01:59.311+0530 [DEBUG] [org.gradle.launcher.daemon.server.DefaultDaemonConnection] thread 20: Received IO message from client: org.gradle.launcher.daemon.protocol.CloseInput@6519c2cd
2022-01-01T23:01:59.314+0530 [DEBUG] [org.gradle.launcher.daemon.server.exec.LogToClient] About to start relaying all logs to the client via the connection.
2022-01-01T23:01:59.315+0530 [INFO] [org.gradle.launcher.daemon.server.exec.LogToClient] The client will now receive all logging from the daemon (pid: 7488). The daemon log file: F:\car_service_mobile_app\daemon\6.5\daemon-7488.out.log
2022-01-01T23:01:59.317+0530 [INFO] [org.gradle.launcher.daemon.server.exec.LogAndCheckHealth] Starting build in new daemon [memory: 536.9 MB]
2022-01-01T23:01:59.318+0530 [INFO] [org.gradle.launcher.daemon.server.exec.ForwardClientInput] Closing daemon's stdin at end of input.
2022-01-01T23:01:59.319+0530 [INFO] [org.gradle.launcher.daemon.server.exec.ForwardClientInput] The daemon will no longer process any standard input.
2022-01-01T23:01:59.323+0530 [DEBUG] [org.gradle.launcher.daemon.server.exec.ExecuteBuild] The daemon has started executing the build.
2022-01-01T23:01:59.323+0530 [DEBUG] [org.gradle.launcher.daemon.server.exec.ExecuteBuild] Executing build with daemon context: DefaultDaemonContext[uid=62c95be5-abaa-4b5e-aa00-e35f1c8500cc,javaHome=C:\Program Files\Android\Android Studio\jre,daemonRegistryDir=F:\car_service_mobile_app\daemon,pid=7488,idleTimeout=10800000,priority=NORMAL,daemonOpts=--add-opens,java.base/java.util=ALL-UNNAMED,--add-opens,java.base/java.lang=ALL-UNNAMED,--add-opens,java.base/java.lang.invoke=ALL-UNNAMED,--add-opens,java.prefs/java.util.prefs=ALL-UNNAMED,-XX:MaxMetaspaceSize=256m,-XX:+HeapDumpOnOutOfMemoryError,-Xms256m,-Xmx512m,-Dfile.encoding=windows-1252,-Duser.country=IN,-Duser.language=en,-Duser.variant]

BUILD SUCCESSFUL in 4s
1 actionable task: 1 executed
2022-01-01T23:02:02.164+0530 [DEBUG] [org.gradle.launcher.daemon.server.exec.ExecuteBuild] The daemon has finished executing the build.
2022-01-01T23:02:02.181+0530 [DEBUG] [org.gradle.launcher.daemon.server.DaemonStateCoordinator] daemon is running. Sleeping until state changes.
2022-01-01T23:02:02.181+0530 [DEBUG] [org.gradle.launcher.daemon.server.DaemonStateCoordinator] Command execution: finished waiting for DaemonCommandExecution[command = Build{id=f05d88fc-54e4-4dd9-9db5-b04291bafc2e, currentDir=C:\Program Files\Android\Android Studio\jre\bin}, connection = DefaultDaemonConnection: socket connection from /127.0.0.1:60166 to /127.0.0.1:60167]. Result org.gradle.launcher.daemon.server.DaemonStateCoordinator@637a8c3b with state Busy
2022-01-01T23:02:02.181+0530 [DEBUG] [org.gradle.launcher.daemon.server.DaemonStateCoordinator] Command execution: completed DaemonCommandExecution[command = Build{id=f05d88fc-54e4-4dd9-9db5-b04291bafc2e, currentDir=C:\Program Files\Android\Android Studio\jre\bin}, connection = DefaultDaemonConnection: socket connection from /127.0.0.1:60166 to /127.0.0.1:60167]
2022-01-01T23:02:02.182+0530 [DEBUG] [org.gradle.launcher.daemon.server.DaemonStateCoordinator] resetting idle timer
2022-01-01T23:02:02.182+0530 [INFO] [org.gradle.launcher.daemon.server.DaemonRegistryUpdater] Marking the daemon as idle, address: [da6692a5-cb8c-44c7-a18f-5e4bb8d11bfd port:60166, addresses:[localhost/127.0.0.1]]
2022-01-01T23:02:02.182+0530 [DEBUG] [org.gradle.launcher.daemon.registry.PersistentDaemonRegistry] Marking busy by address: [da6692a5-cb8c-44c7-a18f-5e4bb8d11bfd port:60166, addresses:[localhost/127.0.0.1]]
2022-01-01T23:02:02.183+0530 [DEBUG] [org.gradle.cache.internal.DefaultFileLockManager] Waiting to acquire exclusive lock on daemon addresses registry.
2022-01-01T23:02:02.184+0530 [DEBUG] [org.gradle.cache.internal.DefaultFileLockManager] Lock acquired on daemon addresses registry.
2022-01-01T23:02:02.184+0530 [DEBUG] [org.gradle.cache.internal.DefaultFileLockManager] Releasing lock on daemon addresses registry.
2022-01-01T23:02:02.185+0530 [DEBUG] [org.gradle.launcher.daemon.server.DaemonStateCoordinator] daemon is running. Sleeping until state changes.
2022-01-01T23:02:02.185+0530 [DEBUG] [org.gradle.launcher.daemon.server.exec.ReturnResult] Daemon is dispatching the build result: Success[value=org.gradle.launcher.exec.BuildActionResult@5e06fd86]
2022-01-01T23:02:02.185+0530 [DEBUG] [org.gradle.launcher.daemon.server.SynchronizedDispatchConnection] thread 19: dispatching Success[value=org.gradle.launcher.exec.BuildActionResult@5e06fd86]
2022-01-01T23:02:02.186+0530 [DEBUG] [org.gradle.launcher.daemon.server.DefaultIncomingConnectionHandler] Finishing executing command: Build{id=f05d88fc-54e4-4dd9-9db5-b04291bafc2e, currentDir=C:\Program Files\Android\Android Studio\jre\bin}
2022-01-01T23:02:02.187+0530 [DEBUG] [org.gradle.launcher.daemon.server.SynchronizedDispatchConnection] thread 20: received class org.gradle.launcher.daemon.protocol.Finished
2022-01-01T23:02:02.188+0530 [DEBUG] [org.gradle.launcher.daemon.server.DefaultDaemonConnection] thread 20: Received non-IO message from client: org.gradle.launcher.daemon.protocol.Finished@4174fb14
2022-01-01T23:02:02.188+0530 [DEBUG] [org.gradle.launcher.daemon.server.DefaultIncomingConnectionHandler] Received finished message: org.gradle.launcher.daemon.protocol.Finished@4174fb14
2022-01-01T23:02:02.188+0530 [DEBUG] [org.gradle.launcher.daemon.server.SynchronizedDispatchConnection] thread 19: stopping connection
2022-01-01T23:02:02.188+0530 [DEBUG] [org.gradle.internal.remote.internal.inet.SocketConnection] Discarding EOFException: java.io.EOFException
2022-01-01T23:02:02.188+0530 [DEBUG] [org.gradle.launcher.daemon.server.SynchronizedDispatchConnection] thread 20: received null
2022-01-01T23:02:02.188+0530 [DEBUG] [org.gradle.launcher.daemon.server.DefaultDaemonConnection] thread 20: Received end-of-input from client.
2022-01-01T23:02:02.190+0530 [DEBUG] [org.gradle.launcher.daemon.server.SynchronizedDispatchConnection] thread 19: stopping connection
2022-01-01T23:02:04.821+0530 [DEBUG] [org.gradle.internal.remote.internal.inet.TcpIncomingConnector] Accepted connection from /127.0.0.1:60173 to /127.0.0.1:60166.
2022-01-01T23:02:04.842+0530 [DEBUG] [org.gradle.launcher.daemon.server.SynchronizedDispatchConnection] thread 45: received class org.gradle.launcher.daemon.protocol.Build
2022-01-01T23:02:04.842+0530 [DEBUG] [org.gradle.launcher.daemon.server.DefaultDaemonConnection] thread 45: Received non-IO message from client: Build{id=86e0b03e-72f5-4b9b-b6dd-0c3643eec09f, currentDir=F:\car_service_mobile_app}
2022-01-01T23:02:04.842+0530 [INFO] [org.gradle.launcher.daemon.server.DefaultIncomingConnectionHandler] Received command: Build{id=86e0b03e-72f5-4b9b-b6dd-0c3643eec09f, currentDir=F:\car_service_mobile_app}.
2022-01-01T23:02:04.842+0530 [DEBUG] [org.gradle.launcher.daemon.server.DefaultIncomingConnectionHandler] Starting executing command: Build{id=86e0b03e-72f5-4b9b-b6dd-0c3643eec09f, currentDir=F:\car_service_mobile_app} with connection: socket connection from /127.0.0.1:60166 to /127.0.0.1:60173.
2022-01-01T23:02:04.842+0530 [ERROR] [org.gradle.launcher.daemon.server.DaemonStateCoordinator] Command execution: started DaemonCommandExecution[command = Build{id=86e0b03e-72f5-4b9b-b6dd-0c3643eec09f, currentDir=F:\car_service_mobile_app}, connection = DefaultDaemonConnection: socket connection from /127.0.0.1:60166 to /127.0.0.1:60173] after 0.0 minutes of idle
2022-01-01T23:02:04.843+0530 [INFO] [org.gradle.launcher.daemon.server.DaemonRegistryUpdater] Marking the daemon as busy, address: [da6692a5-cb8c-44c7-a18f-5e4bb8d11bfd port:60166, addresses:[localhost/127.0.0.1]]
2022-01-01T23:02:04.843+0530 [DEBUG] [org.gradle.launcher.daemon.registry.PersistentDaemonRegistry] Marking busy by address: [da6692a5-cb8c-44c7-a18f-5e4bb8d11bfd port:60166, addresses:[localhost/127.0.0.1]]
2022-01-01T23:02:04.843+0530 [DEBUG] [org.gradle.cache.internal.DefaultFileLockManager] Waiting to acquire exclusive lock on daemon addresses registry.
2022-01-01T23:02:04.843+0530 [DEBUG] [org.gradle.cache.internal.DefaultFileLockManager] Lock acquired on daemon addresses registry.
2022-01-01T23:02:04.844+0530 [DEBUG] [org.gradle.cache.internal.DefaultFileLockManager] Releasing lock on daemon addresses registry.
2022-01-01T23:02:04.844+0530 [DEBUG] [org.gradle.launcher.daemon.server.DaemonStateCoordinator] resetting idle timer
2022-01-01T23:02:04.844+0530 [DEBUG] [org.gradle.launcher.daemon.server.DaemonStateCoordinator] daemon is running. Sleeping until state changes.
2022-01-01T23:02:04.844+0530 [INFO] [org.gradle.launcher.daemon.server.exec.StartBuildOrRespondWithBusy] Daemon is about to start building Build{id=86e0b03e-72f5-4b9b-b6dd-0c3643eec09f, currentDir=F:\car_service_mobile_app}. Dispatching build started information...
2022-01-01T23:02:04.845+0530 [DEBUG] [org.gradle.launcher.daemon.server.SynchronizedDispatchConnection] thread 22: dispatching org.gradle.launcher.daemon.protocol.BuildStarted@1294318c
2022-01-01T23:02:04.845+0530 [DEBUG] [org.gradle.launcher.daemon.server.exec.EstablishBuildEnvironment] Configuring env variables: {USERDOMAIN_ROAMINGPROFILE=DESKTOP-SBFE3S0, LOCALAPPDATA=C:\Users\BANU\AppData\Local, PROCESSOR_LEVEL=6, ChocolateyLastPathUpdate=132738142601218914, USERDOMAIN=DESKTOP-SBFE3S0, FPS_BROWSER_APP_PROFILE_STRING=Internet Explorer, LOGONSERVER=\\DESKTOP-SBFE3S0, JAVA_HOME=C:\Program Files\Java;C:\Program Files\Java\jdk-16.0.2;C:\Program Files\Java\jdk-16.0.2\bin;, SESSIONNAME=Console, ALLUSERSPROFILE=C:\ProgramData, PROCESSOR_ARCHITECTURE=AMD64, PSModulePath=C:\Program Files\WindowsPowerShell\Modules;C:\WINDOWS\system32\WindowsPowerShell\v1.0\Modules, SystemDrive=C:, OneDrive=C:\Users\BANU\OneDrive, APPDATA=C:\Users\BANU\AppData\Roaming, USERNAME=BANU, ChocolateyInstall=C:\ProgramData\chocolatey, ProgramFiles(x86)=C:\Program Files (x86), CommonProgramFiles=C:\Program Files\Common Files, Path=C:\Python39\Scripts\;C:\Python39\;C:\Program Files\Common Files\Oracle\Java\javapath;C:\WINDOWS\system32;C:\WINDOWS;C:\WINDOWS\System32\Wbem;C:\WINDOWS\System32\WindowsPowerShell\v1.0\;C:\WINDOWS\System32\OpenSSH\;C:\Program Files\nodejs\;C:\ProgramData\chocolatey\bin;C:\Program Files\Git\cmd;C:\Program Files\dotnet\;C:\WINDOWS\system32;C:\WINDOWS;C:\WINDOWS\System32\Wbem;C:\WINDOWS\System32\WindowsPowerShell\v1.0\;C:\WINDOWS\System32\OpenSSH\;C:\Program Files (x86)\NVIDIA Corporation\PhysX\Common;C:\Users\BANU\AppData\Local\Microsoft\WindowsApps;C:\Program Files\Java\jdk-16.0.2\bin;C:\Users\BANU\AppData\Local\Programs\Microsoft VS Code\bin;C:\Users\BANU\AppData\Roaming\npm;C:\Users\BANU\AppData\Local\GitHubDesktop\bin;, FPS_BROWSER_USER_PROFILE_STRING=Default, PATHEXT=.COM;.EXE;.BAT;.CMD;.VBS;.VBE;.JS;.JSE;.WSF;.WSH;.MSC;.PY;.PYW, DriverData=C:\Windows\System32\Drivers\DriverData, OS=Windows_NT, OneDriveConsumer=C:\Users\BANU\OneDrive, COMPUTERNAME=DESKTOP-SBFE3S0, PROCESSOR_REVISION=8e0c, CommonProgramW6432=C:\Program Files\Common Files, ComSpec=C:\WINDOWS\system32\cmd.exe, ProgramData=C:\ProgramData, ProgramW6432=C:\Program Files, HOMEPATH=\Users\BANU, TEMP=C:\Users\BANU\AppData\Local\Temp, SystemRoot=C:\WINDOWS, PROCESSOR_IDENTIFIER=Intel64 Family 6 Model 142 Stepping 12, GenuineIntel, USERPROFILE=C:\Users\BANU, HOMEDRIVE=C:, TMP=C:\Users\BANU\AppData\Local\Temp, PUBLIC=C:\Users\Public, ProgramFiles=C:\Program Files, CommonProgramFiles(x86)=C:\Program Files (x86)\Common Files, NUMBER_OF_PROCESSORS=8, windir=C:\WINDOWS, =::=::\, IDEA_INITIAL_DIRECTORY=C:\ProgramData\Microsoft\Windows\Start Menu\Programs\Android Studio}
2022-01-01T23:02:04.846+0530 [DEBUG] [org.gradle.launcher.daemon.server.SynchronizedDispatchConnection] thread 45: received class org.gradle.launcher.daemon.protocol.CloseInput
2022-01-01T23:02:04.846+0530 [DEBUG] [org.gradle.launcher.daemon.server.DefaultDaemonConnection] thread 45: Received IO message from client: org.gradle.launcher.daemon.protocol.CloseInput@7abec92a
2022-01-01T23:02:04.847+0530 [DEBUG] [org.gradle.launcher.daemon.server.exec.LogToClient] About to start relaying all logs to the client via the connection.
2022-01-01T23:02:04.847+0530 [INFO] [org.gradle.launcher.daemon.server.exec.LogToClient] The client will now receive all logging from the daemon (pid: 7488). The daemon log file: F:\car_service_mobile_app\daemon\6.5\daemon-7488.out.log
2022-01-01T23:02:04.848+0530 [INFO] [org.gradle.launcher.daemon.server.exec.LogAndCheckHealth] Starting 2nd build in daemon [uptime: 6.172 secs, performance: 100%, non-heap usage: 15% of 268.4 MB]
2022-01-01T23:02:04.848+0530 [DEBUG] [org.gradle.launcher.daemon.server.exec.ExecuteBuild] The daemon has started executing the build.
2022-01-01T23:02:04.848+0530 [INFO] [org.gradle.launcher.daemon.server.exec.ForwardClientInput] Closing daemon's stdin at end of input.
2022-01-01T23:02:04.849+0530 [DEBUG] [org.gradle.launcher.daemon.server.exec.ExecuteBuild] Executing build with daemon context: DefaultDaemonContext[uid=62c95be5-abaa-4b5e-aa00-e35f1c8500cc,javaHome=C:\Program Files\Android\Android Studio\jre,daemonRegistryDir=F:\car_service_mobile_app\daemon,pid=7488,idleTimeout=10800000,priority=NORMAL,daemonOpts=--add-opens,java.base/java.util=ALL-UNNAMED,--add-opens,java.base/java.lang=ALL-UNNAMED,--add-opens,java.base/java.lang.invoke=ALL-UNNAMED,--add-opens,java.prefs/java.util.prefs=ALL-UNNAMED,-XX:MaxMetaspaceSize=256m,-XX:+HeapDumpOnOutOfMemoryError,-Xms256m,-Xmx512m,-Dfile.encoding=windows-1252,-Duser.country=IN,-Duser.language=en,-Duser.variant]
2022-01-01T23:02:04.849+0530 [INFO] [org.gradle.launcher.daemon.server.exec.ForwardClientInput] The daemon will no longer process any standard input.

BUILD SUCCESSFUL in 7s
2022-01-01T23:02:09.725+0530 [DEBUG] [org.gradle.launcher.daemon.server.exec.ExecuteBuild] The daemon has finished executing the build.
2022-01-01T23:02:09.741+0530 [DEBUG] [org.gradle.launcher.daemon.server.DaemonStateCoordinator] daemon is running. Sleeping until state changes.
2022-01-01T23:02:09.741+0530 [DEBUG] [org.gradle.launcher.daemon.server.DaemonStateCoordinator] Command execution: finished waiting for DaemonCommandExecution[command = Build{id=86e0b03e-72f5-4b9b-b6dd-0c3643eec09f, currentDir=F:\car_service_mobile_app}, connection = DefaultDaemonConnection: socket connection from /127.0.0.1:60166 to /127.0.0.1:60173]. Result org.gradle.launcher.daemon.server.DaemonStateCoordinator@637a8c3b with state Busy
2022-01-01T23:02:09.742+0530 [DEBUG] [org.gradle.launcher.daemon.server.DaemonStateCoordinator] Command execution: completed DaemonCommandExecution[command = Build{id=86e0b03e-72f5-4b9b-b6dd-0c3643eec09f, currentDir=F:\car_service_mobile_app}, connection = DefaultDaemonConnection: socket connection from /127.0.0.1:60166 to /127.0.0.1:60173]
2022-01-01T23:02:09.742+0530 [DEBUG] [org.gradle.launcher.daemon.server.DaemonStateCoordinator] resetting idle timer
2022-01-01T23:02:09.742+0530 [INFO] [org.gradle.launcher.daemon.server.DaemonRegistryUpdater] Marking the daemon as idle, address: [da6692a5-cb8c-44c7-a18f-5e4bb8d11bfd port:60166, addresses:[localhost/127.0.0.1]]
2022-01-01T23:02:09.742+0530 [DEBUG] [org.gradle.launcher.daemon.registry.PersistentDaemonRegistry] Marking busy by address: [da6692a5-cb8c-44c7-a18f-5e4bb8d11bfd port:60166, addresses:[localhost/127.0.0.1]]
2022-01-01T23:02:09.742+0530 [DEBUG] [org.gradle.cache.internal.DefaultFileLockManager] Waiting to acquire exclusive lock on daemon addresses registry.
2022-01-01T23:02:09.742+0530 [DEBUG] [org.gradle.cache.internal.DefaultFileLockManager] Lock acquired on daemon addresses registry.
2022-01-01T23:02:09.743+0530 [DEBUG] [org.gradle.cache.internal.DefaultFileLockManager] Releasing lock on daemon addresses registry.
2022-01-01T23:02:09.744+0530 [DEBUG] [org.gradle.launcher.daemon.server.DaemonStateCoordinator] daemon is running. Sleeping until state changes.
2022-01-01T23:02:09.744+0530 [DEBUG] [org.gradle.launcher.daemon.server.exec.ReturnResult] Daemon is dispatching the build result: Success[value=org.gradle.launcher.exec.BuildActionResult@4df7290c]
2022-01-01T23:02:09.744+0530 [DEBUG] [org.gradle.launcher.daemon.server.SynchronizedDispatchConnection] thread 19: dispatching Success[value=org.gradle.launcher.exec.BuildActionResult@4df7290c]
2022-01-01T23:02:09.744+0530 [DEBUG] [org.gradle.launcher.daemon.server.DefaultIncomingConnectionHandler] Finishing executing command: Build{id=86e0b03e-72f5-4b9b-b6dd-0c3643eec09f, currentDir=F:\car_service_mobile_app}
2022-01-01T23:02:09.764+0530 [DEBUG] [org.gradle.launcher.daemon.server.SynchronizedDispatchConnection] thread 45: received class org.gradle.launcher.daemon.protocol.Finished
2022-01-01T23:02:09.764+0530 [DEBUG] [org.gradle.launcher.daemon.server.DefaultDaemonConnection] thread 45: Received non-IO message from client: org.gradle.launcher.daemon.protocol.Finished@7577424a
2022-01-01T23:02:09.764+0530 [DEBUG] [org.gradle.launcher.daemon.server.DefaultIncomingConnectionHandler] Received finished message: org.gradle.launcher.daemon.protocol.Finished@7577424a
2022-01-01T23:02:09.764+0530 [DEBUG] [org.gradle.launcher.daemon.server.SynchronizedDispatchConnection] thread 19: stopping connection
2022-01-01T23:02:09.764+0530 [DEBUG] [org.gradle.internal.remote.internal.inet.SocketConnection] Discarding EOFException: java.io.EOFException
2022-01-01T23:02:09.765+0530 [DEBUG] [org.gradle.launcher.daemon.server.SynchronizedDispatchConnection] thread 45: received null
2022-01-01T23:02:09.765+0530 [DEBUG] [org.gradle.launcher.daemon.server.DefaultDaemonConnection] thread 45: Received end-of-input from client.
2022-01-01T23:02:09.765+0530 [DEBUG] [org.gradle.launcher.daemon.server.SynchronizedDispatchConnection] thread 19: stopping connection
2022-01-01T23:02:19.246+0530 [DEBUG] [org.gradle.cache.internal.DefaultFileLockManager] Waiting to acquire shared lock on daemon addresses registry.
2022-01-01T23:02:19.247+0530 [DEBUG] [org.gradle.cache.internal.DefaultFileLockManager] Lock acquired on daemon addresses registry.
2022-01-01T23:02:19.248+0530 [DEBUG] [org.gradle.cache.internal.DefaultFileLockManager] Releasing lock on daemon addresses registry.
2022-01-01T23:02:19.249+0530 [DEBUG] [org.gradle.cache.internal.DefaultFileLockManager] Waiting to acquire shared lock on daemon addresses registry.
2022-01-01T23:02:19.250+0530 [DEBUG] [org.gradle.cache.internal.DefaultFileLockManager] Lock acquired on daemon addresses registry.
2022-01-01T23:02:19.250+0530 [DEBUG] [org.gradle.cache.internal.DefaultFileLockManager] Releasing lock on daemon addresses registry.
2022-01-01T23:02:29.245+0530 [DEBUG] [org.gradle.cache.internal.DefaultFileLockManager] Waiting to acquire shared lock on daemon addresses registry.
2022-01-01T23:02:29.245+0530 [DEBUG] [org.gradle.cache.internal.DefaultFileLockManager] Lock acquired on daemon addresses registry.
2022-01-01T23:02:29.245+0530 [DEBUG] [org.gradle.cache.internal.DefaultFileLockManager] Releasing lock on daemon addresses registry.
2022-01-01T23:02:29.245+0530 [DEBUG] [org.gradle.cache.internal.DefaultFileLockManager] Waiting to acquire shared lock on daemon addresses registry.
2022-01-01T23:02:29.246+0530 [DEBUG] [org.gradle.cache.internal.DefaultFileLockManager] Lock acquired on daemon addresses registry.
2022-01-01T23:02:29.246+0530 [DEBUG] [org.gradle.cache.internal.DefaultFileLockManager] Releasing lock on daemon addresses registry.
2022-01-01T23:02:29.246+0530 [DEBUG] [org.gradle.cache.internal.DefaultFileLockManager] Waiting to acquire shared lock on daemon addresses registry.
2022-01-01T23:02:29.246+0530 [DEBUG] [org.gradle.cache.internal.DefaultFileLockManager] Lock acquired on daemon addresses registry.
2022-01-01T23:02:29.247+0530 [DEBUG] [org.gradle.cache.internal.DefaultFileLockManager] Releasing lock on daemon addresses registry.
2022-01-01T23:02:39.245+0530 [DEBUG] [org.gradle.cache.internal.DefaultFileLockManager] Waiting to acquire shared lock on daemon addresses registry.
2022-01-01T23:02:39.246+0530 [DEBUG] [org.gradle.cache.internal.DefaultFileLockManager] Lock acquired on daemon addresses registry.
2022-01-01T23:02:39.246+0530 [DEBUG] [org.gradle.cache.internal.DefaultFileLockManager] Releasing lock on daemon addresses registry.
2022-01-01T23:02:39.246+0530 [DEBUG] [org.gradle.cache.internal.DefaultFileLockManager] Waiting to acquire shared lock on daemon addresses registry.
2022-01-01T23:02:39.246+0530 [DEBUG] [org.gradle.cache.internal.DefaultFileLockManager] Lock acquired on daemon addresses registry.
2022-01-01T23:02:39.247+0530 [DEBUG] [org.gradle.cache.internal.DefaultFileLockManager] Releasing lock on daemon addresses registry.
2022-01-01T23:02:39.247+0530 [DEBUG] [org.gradle.cache.internal.DefaultFileLockManager] Waiting to acquire shared lock on daemon addresses registry.
2022-01-01T23:02:39.247+0530 [DEBUG] [org.gradle.cache.internal.DefaultFileLockManager] Lock acquired on daemon addresses registry.
2022-01-01T23:02:39.247+0530 [DEBUG] [org.gradle.cache.internal.DefaultFileLockManager] Releasing lock on daemon addresses registry.
2022-01-01T23:02:49.243+0530 [DEBUG] [org.gradle.cache.internal.DefaultFileLockManager] Waiting to acquire shared lock on daemon addresses registry.
2022-01-01T23:02:49.243+0530 [DEBUG] [org.gradle.cache.internal.DefaultFileLockManager] Lock acquired on daemon addresses registry.
2022-01-01T23:02:49.244+0530 [DEBUG] [org.gradle.cache.internal.DefaultFileLockManager] Releasing lock on daemon addresses registry.
2022-01-01T23:02:49.244+0530 [DEBUG] [org.gradle.cache.internal.DefaultFileLockManager] Waiting to acquire shared lock on daemon addresses registry.
2022-01-01T23:02:49.245+0530 [DEBUG] [org.gradle.cache.internal.DefaultFileLockManager] Lock acquired on daemon addresses registry.
2022-01-01T23:02:49.245+0530 [DEBUG] [org.gradle.cache.internal.DefaultFileLockManager] Releasing lock on daemon addresses registry.
2022-01-01T23:02:49.246+0530 [DEBUG] [org.gradle.cache.internal.DefaultFileLockManager] Waiting to acquire shared lock on daemon addresses registry.
2022-01-01T23:02:49.247+0530 [DEBUG] [org.gradle.cache.internal.DefaultFileLockManager] Lock acquired on daemon addresses registry.
2022-01-01T23:02:49.247+0530 [DEBUG] [org.gradle.cache.internal.DefaultFileLockManager] Releasing lock on daemon addresses registry.
2022-01-01T23:02:59.250+0530 [DEBUG] [org.gradle.cache.internal.DefaultFileLockManager] Waiting to acquire shared lock on daemon addresses registry.
2022-01-01T23:02:59.250+0530 [DEBUG] [org.gradle.cache.internal.DefaultFileLockManager] Lock acquired on daemon addresses registry.
2022-01-01T23:02:59.251+0530 [DEBUG] [org.gradle.cache.internal.DefaultFileLockManager] Releasing lock on daemon addresses registry.
2022-01-01T23:02:59.252+0530 [DEBUG] [org.gradle.cache.internal.DefaultFileLockManager] Waiting to acquire shared lock on daemon addresses registry.
2022-01-01T23:02:59.252+0530 [DEBUG] [org.gradle.cache.internal.DefaultFileLockManager] Lock acquired on daemon addresses registry.
2022-01-01T23:02:59.253+0530 [DEBUG] [org.gradle.cache.internal.DefaultFileLockManager] Releasing lock on daemon addresses registry.
2022-01-01T23:02:59.253+0530 [DEBUG] [org.gradle.cache.internal.DefaultFileLockManager] Waiting to acquire shared lock on daemon addresses registry.
2022-01-01T23:02:59.254+0530 [DEBUG] [org.gradle.cache.internal.DefaultFileLockManager] Lock acquired on daemon addresses registry.
2022-01-01T23:02:59.254+0530 [DEBUG] [org.gradle.cache.internal.DefaultFileLockManager] Releasing lock on daemon addresses registry.
2022-01-01T23:03:09.240+0530 [DEBUG] [org.gradle.cache.internal.DefaultFileLockManager] Waiting to acquire shared lock on daemon addresses registry.
2022-01-01T23:03:09.240+0530 [DEBUG] [org.gradle.cache.internal.DefaultFileLockManager] Lock acquired on daemon addresses registry.
2022-01-01T23:03:09.240+0530 [DEBUG] [org.gradle.cache.internal.DefaultFileLockManager] Releasing lock on daemon addresses registry.
2022-01-01T23:03:09.241+0530 [DEBUG] [org.gradle.cache.internal.DefaultFileLockManager] Waiting to acquire shared lock on daemon addresses registry.
2022-01-01T23:03:09.241+0530 [DEBUG] [org.gradle.cache.internal.DefaultFileLockManager] Lock acquired on daemon addresses registry.
2022-01-01T23:03:09.241+0530 [DEBUG] [org.gradle.cache.internal.DefaultFileLockManager] Releasing lock on daemon addresses registry.
2022-01-01T23:03:09.241+0530 [DEBUG] [org.gradle.cache.internal.DefaultFileLockManager] Waiting to acquire shared lock on daemon addresses registry.
2022-01-01T23:03:09.241+0530 [DEBUG] [org.gradle.cache.internal.DefaultFileLockManager] Lock acquired on daemon addresses registry.
2022-01-01T23:03:09.241+0530 [DEBUG] [org.gradle.cache.internal.DefaultFileLockManager] Releasing lock on daemon addresses registry.
2022-01-01T23:03:19.239+0530 [DEBUG] [org.gradle.cache.internal.DefaultFileLockManager] Waiting to acquire shared lock on daemon addresses registry.
2022-01-01T23:03:19.240+0530 [DEBUG] [org.gradle.cache.internal.DefaultFileLockManager] Lock acquired on daemon addresses registry.
2022-01-01T23:03:19.240+0530 [DEBUG] [org.gradle.cache.internal.DefaultFileLockManager] Releasing lock on daemon addresses registry.
2022-01-01T23:03:19.241+0530 [DEBUG] [org.gradle.cache.internal.DefaultFileLockManager] Waiting to acquire shared lock on daemon addresses registry.
2022-01-01T23:03:19.242+0530 [DEBUG] [org.gradle.cache.internal.DefaultFileLockManager] Lock acquired on daemon addresses registry.
2022-01-01T23:03:19.242+0530 [DEBUG] [org.gradle.cache.internal.DefaultFileLockManager] Releasing lock on daemon addresses registry.
2022-01-01T23:03:19.243+0530 [DEBUG] [org.gradle.cache.internal.DefaultFileLockManager] Waiting to acquire shared lock on daemon addresses registry.
2022-01-01T23:03:19.243+0530 [DEBUG] [org.gradle.cache.internal.DefaultFileLockManager] Lock acquired on daemon addresses registry.
2022-01-01T23:03:19.244+0530 [DEBUG] [org.gradle.cache.internal.DefaultFileLockManager] Releasing lock on daemon addresses registry.
2022-01-01T23:03:29.250+0530 [DEBUG] [org.gradle.cache.internal.DefaultFileLockManager] Waiting to acquire shared lock on daemon addresses registry.
2022-01-01T23:03:29.250+0530 [DEBUG] [org.gradle.cache.internal.DefaultFileLockManager] Lock acquired on daemon addresses registry.
2022-01-01T23:03:29.251+0530 [DEBUG] [org.gradle.cache.internal.DefaultFileLockManager] Releasing lock on daemon addresses registry.
2022-01-01T23:03:29.252+0530 [DEBUG] [org.gradle.cache.internal.DefaultFileLockManager] Waiting to acquire shared lock on daemon addresses registry.
2022-01-01T23:03:29.253+0530 [DEBUG] [org.gradle.cache.internal.DefaultFileLockManager] Lock acquired on daemon addresses registry.
2022-01-01T23:03:29.253+0530 [DEBUG] [org.gradle.cache.internal.DefaultFileLockManager] Releasing lock on daemon addresses registry.
2022-01-01T23:03:29.254+0530 [DEBUG] [org.gradle.cache.internal.DefaultFileLockManager] Waiting to acquire shared lock on daemon addresses registry.
2022-01-01T23:03:29.254+0530 [DEBUG] [org.gradle.cache.internal.DefaultFileLockManager] Lock acquired on daemon addresses registry.
2022-01-01T23:03:29.254+0530 [DEBUG] [org.gradle.cache.internal.DefaultFileLockManager] Releasing lock on daemon addresses registry.
2022-01-01T23:03:39.242+0530 [DEBUG] [org.gradle.cache.internal.DefaultFileLockManager] Waiting to acquire shared lock on daemon addresses registry.
2022-01-01T23:03:39.242+0530 [DEBUG] [org.gradle.cache.internal.DefaultFileLockManager] Lock acquired on daemon addresses registry.
2022-01-01T23:03:39.243+0530 [DEBUG] [org.gradle.cache.internal.DefaultFileLockManager] Releasing lock on daemon addresses registry.
2022-01-01T23:03:39.243+0530 [DEBUG] [org.gradle.cache.internal.DefaultFileLockManager] Waiting to acquire shared lock on daemon addresses registry.
2022-01-01T23:03:39.244+0530 [DEBUG] [org.gradle.cache.internal.DefaultFileLockManager] Lock acquired on daemon addresses registry.
2022-01-01T23:03:39.244+0530 [DEBUG] [org.gradle.cache.internal.DefaultFileLockManager] Releasing lock on daemon addresses registry.
2022-01-01T23:03:39.245+0530 [DEBUG] [org.gradle.cache.internal.DefaultFileLockManager] Waiting to acquire shared lock on daemon addresses registry.
2022-01-01T23:03:39.245+0530 [DEBUG] [org.gradle.cache.internal.DefaultFileLockManager] Lock acquired on daemon addresses registry.
2022-01-01T23:03:39.246+0530 [DEBUG] [org.gradle.cache.internal.DefaultFileLockManager] Releasing lock on daemon addresses registry.
2022-01-01T23:03:49.242+0530 [DEBUG] [org.gradle.cache.internal.DefaultFileLockManager] Waiting to acquire shared lock on daemon addresses registry.
2022-01-01T23:03:49.242+0530 [DEBUG] [org.gradle.cache.internal.DefaultFileLockManager] Lock acquired on daemon addresses registry.
2022-01-01T23:03:49.242+0530 [DEBUG] [org.gradle.cache.internal.DefaultFileLockManager] Releasing lock on daemon addresses registry.
2022-01-01T23:03:49.243+0530 [DEBUG] [org.gradle.cache.internal.DefaultFileLockManager] Waiting to acquire shared lock on daemon addresses registry.
2022-01-01T23:03:49.243+0530 [DEBUG] [org.gradle.cache.internal.DefaultFileLockManager] Lock acquired on daemon addresses registry.
2022-01-01T23:03:49.243+0530 [DEBUG] [org.gradle.cache.internal.DefaultFileLockManager] Releasing lock on daemon addresses registry.
2022-01-01T23:03:49.243+0530 [DEBUG] [org.gradle.cache.internal.DefaultFileLockManager] Waiting to acquire shared lock on daemon addresses registry.
2022-01-01T23:03:49.244+0530 [DEBUG] [org.gradle.cache.internal.DefaultFileLockManager] Lock acquired on daemon addresses registry.
2022-01-01T23:03:49.244+0530 [DEBUG] [org.gradle.cache.internal.DefaultFileLockManager] Releasing lock on daemon addresses registry.
2022-01-01T23:03:59.239+0530 [DEBUG] [org.gradle.cache.internal.DefaultFileLockManager] Waiting to acquire shared lock on daemon addresses registry.
2022-01-01T23:03:59.239+0530 [DEBUG] [org.gradle.cache.internal.DefaultFileLockManager] Lock acquired on daemon addresses registry.
2022-01-01T23:03:59.240+0530 [DEBUG] [org.gradle.cache.internal.DefaultFileLockManager] Releasing lock on daemon addresses registry.
2022-01-01T23:03:59.241+0530 [DEBUG] [org.gradle.cache.internal.DefaultFileLockManager] Waiting to acquire shared lock on daemon addresses registry.
2022-01-01T23:03:59.241+0530 [DEBUG] [org.gradle.cache.internal.DefaultFileLockManager] Lock acquired on daemon addresses registry.
2022-01-01T23:03:59.241+0530 [DEBUG] [org.gradle.cache.internal.DefaultFileLockManager] Releasing lock on daemon addresses registry.
2022-01-01T23:03:59.242+0530 [DEBUG] [org.gradle.cache.internal.DefaultFileLockManager] Waiting to acquire shared lock on daemon addresses registry.
2022-01-01T23:03:59.242+0530 [DEBUG] [org.gradle.cache.internal.DefaultFileLockManager] Lock acquired on daemon addresses registry.
2022-01-01T23:03:59.243+0530 [DEBUG] [org.gradle.cache.internal.DefaultFileLockManager] Releasing lock on daemon addresses registry.
2022-01-01T23:04:08.317+0530 [DEBUG] [org.gradle.internal.remote.internal.inet.TcpIncomingConnector] Accepted connection from /127.0.0.1:60206 to /127.0.0.1:60166.
2022-01-01T23:04:08.322+0530 [DEBUG] [org.gradle.launcher.daemon.server.SynchronizedDispatchConnection] thread 82: received class org.gradle.launcher.daemon.protocol.StopWhenIdle
2022-01-01T23:04:08.322+0530 [DEBUG] [org.gradle.launcher.daemon.server.DefaultDaemonConnection] thread 82: Received non-IO message from client: StopWhenIdle[id=cfff06e8-ab44-4e2b-9494-296ad41a69d2]
2022-01-01T23:04:08.322+0530 [INFO] [org.gradle.launcher.daemon.server.DefaultIncomingConnectionHandler] Received command: StopWhenIdle[id=cfff06e8-ab44-4e2b-9494-296ad41a69d2].
2022-01-01T23:04:08.322+0530 [DEBUG] [org.gradle.launcher.daemon.server.DefaultIncomingConnectionHandler] Starting executing command: StopWhenIdle[id=cfff06e8-ab44-4e2b-9494-296ad41a69d2] with connection: socket connection from /127.0.0.1:60166 to /127.0.0.1:60206.
2022-01-01T23:04:08.323+0530 [DEBUG] [org.gradle.launcher.daemon.server.DaemonRegistryUpdater] Storing daemon stop event: stop command received
2022-01-01T23:04:08.324+0530 [DEBUG] [org.gradle.launcher.daemon.registry.PersistentDaemonRegistry] Storing daemon stop event with timestamp 1641058448315
2022-01-01T23:04:08.325+0530 [DEBUG] [org.gradle.cache.internal.DefaultFileLockManager] Waiting to acquire exclusive lock on daemon addresses registry.
2022-01-01T23:04:08.325+0530 [DEBUG] [org.gradle.cache.internal.DefaultFileLockManager] Lock acquired on daemon addresses registry.
2022-01-01T23:04:08.327+0530 [DEBUG] [org.gradle.cache.internal.DefaultFileLockManager] Releasing lock on daemon addresses registry.
2022-01-01T23:04:08.327+0530 [LIFECYCLE] [org.gradle.launcher.daemon.server.DaemonStateCoordinator] Daemon will be stopped at the end of the build stop command received
2022-01-01T23:04:08.327+0530 [DEBUG] [org.gradle.launcher.daemon.server.DaemonStateCoordinator] Marking daemon stopped due to stop command received. The daemon is running a build: false
2022-01-01T23:04:08.328+0530 [DEBUG] [org.gradle.launcher.daemon.server.SynchronizedDispatchConnection] thread 81: dispatching Success[value=null]
2022-01-01T23:04:08.328+0530 [DEBUG] [org.gradle.launcher.daemon.server.DaemonStateCoordinator] daemon has stopped.
2022-01-01T23:04:08.328+0530 [DEBUG] [org.gradle.launcher.daemon.server.DefaultIncomingConnectionHandler] Finishing executing command: StopWhenIdle[id=cfff06e8-ab44-4e2b-9494-296ad41a69d2]
2022-01-01T23:04:08.328+0530 [DEBUG] [org.gradle.launcher.daemon.server.Daemon] stop() called on daemon
2022-01-01T23:04:08.328+0530 [DEBUG] [org.gradle.launcher.daemon.server.SynchronizedDispatchConnection] thread 82: received class org.gradle.launcher.daemon.protocol.Finished
2022-01-01T23:04:08.328+0530 [INFO] [org.gradle.launcher.daemon.server.Daemon] Stop requested. Daemon is removing its presence from the registry...
2022-01-01T23:04:08.328+0530 [DEBUG] [org.gradle.launcher.daemon.server.DefaultDaemonConnection] thread 82: Received non-IO message from client: org.gradle.launcher.daemon.protocol.Finished@2faeaf65
2022-01-01T23:04:08.328+0530 [DEBUG] [org.gradle.launcher.daemon.server.DefaultIncomingConnectionHandler] Received finished message: org.gradle.launcher.daemon.protocol.Finished@2faeaf65
2022-01-01T23:04:08.329+0530 [DEBUG] [org.gradle.internal.remote.internal.inet.SocketConnection] Discarding EOFException: java.io.EOFException
2022-01-01T23:04:08.329+0530 [DEBUG] [org.gradle.launcher.daemon.server.DaemonRegistryUpdater] Removing our presence to clients, eg. removing this address from the registry: [da6692a5-cb8c-44c7-a18f-5e4bb8d11bfd port:60166, addresses:[localhost/127.0.0.1]]
2022-01-01T23:04:08.329+0530 [DEBUG] [org.gradle.launcher.daemon.server.SynchronizedDispatchConnection] thread 82: received null
2022-01-01T23:04:08.329+0530 [DEBUG] [org.gradle.launcher.daemon.server.SynchronizedDispatchConnection] thread 81: stopping connection
2022-01-01T23:04:08.329+0530 [DEBUG] [org.gradle.launcher.daemon.server.DefaultDaemonConnection] thread 82: Received end-of-input from client.
2022-01-01T23:04:08.329+0530 [DEBUG] [org.gradle.launcher.daemon.registry.PersistentDaemonRegistry] Removing daemon address: [da6692a5-cb8c-44c7-a18f-5e4bb8d11bfd port:60166, addresses:[localhost/127.0.0.1]]
2022-01-01T23:04:08.330+0530 [DEBUG] [org.gradle.launcher.daemon.server.SynchronizedDispatchConnection] thread 81: stopping connection
2022-01-01T23:04:08.331+0530 [DEBUG] [org.gradle.cache.internal.DefaultFileLockManager] Waiting to acquire exclusive lock on daemon addresses registry.
2022-01-01T23:04:08.331+0530 [DEBUG] [org.gradle.cache.internal.DefaultFileLockManager] Lock acquired on daemon addresses registry.
2022-01-01T23:04:08.331+0530 [DEBUG] [org.gradle.cache.internal.DefaultFileLockManager] Releasing lock on daemon addresses registry.
2022-01-01T23:04:08.332+0530 [DEBUG] [org.gradle.launcher.daemon.server.DaemonRegistryUpdater] Address removed from registry.
2022-01-01T23:04:08.333+0530 [DEBUG] [org.gradle.cache.internal.LockOnDemandCrossProcessCacheAccess] Releasing file lock for jars (F:\car_service_mobile_app\caches\jars-8)
2022-01-01T23:04:08.333+0530 [DEBUG] [org.gradle.cache.internal.DefaultFileLockManager] Releasing lock on jars (F:\car_service_mobile_app\caches\jars-8).
2022-01-01T23:04:08.338+0530 [DEBUG] [org.gradle.cache.internal.LockOnDemandCrossProcessCacheAccess] Releasing file lock for file content cache (F:\car_service_mobile_app\caches\6.5\fileContent)
2022-01-01T23:04:08.338+0530 [DEBUG] [org.gradle.cache.internal.DefaultFileLockManager] Releasing lock on file content cache (F:\car_service_mobile_app\caches\6.5\fileContent).
2022-01-01T23:04:08.339+0530 [DEBUG] [org.gradle.cache.internal.DefaultCacheAccess] Cache Artifact transforms cache (F:\car_service_mobile_app\caches\transforms-2) was closed 0 times.
2022-01-01T23:04:08.340+0530 [DEBUG] [org.gradle.cache.internal.LockOnDemandCrossProcessCacheAccess] Releasing file lock for artifact cache (F:\car_service_mobile_app\caches\modules-2)
2022-01-01T23:04:08.340+0530 [DEBUG] [org.gradle.cache.internal.DefaultFileLockManager] Releasing lock on artifact cache (F:\car_service_mobile_app\caches\modules-2).
2022-01-01T23:04:08.341+0530 [DEBUG] [org.gradle.cache.internal.LockOnDemandCrossProcessCacheAccess] Releasing file lock for journal cache (F:\car_service_mobile_app\caches\journal-1)
2022-01-01T23:04:08.342+0530 [DEBUG] [org.gradle.cache.internal.btree.BTreePersistentIndexedCache] Closing cache file-access.bin (F:\car_service_mobile_app\caches\journal-1\file-access.bin)
2022-01-01T23:04:08.342+0530 [DEBUG] [org.gradle.cache.internal.DefaultFileLockManager] Releasing lock on journal cache (F:\car_service_mobile_app\caches\journal-1).
2022-01-01T23:04:08.344+0530 [DEBUG] [org.gradle.cache.internal.DefaultCacheAccess] Cache Generated Gradle JARs cache (F:\car_service_mobile_app\caches\6.5\generated-gradle-jars) was closed 0 times.
2022-01-01T23:04:08.345+0530 [DEBUG] [org.gradle.cache.internal.LockOnDemandCrossProcessCacheAccess] Releasing file lock for file hash cache (F:\car_service_mobile_app\caches\6.5\fileHashes)
2022-01-01T23:04:08.345+0530 [DEBUG] [org.gradle.cache.internal.btree.BTreePersistentIndexedCache] Closing cache fileHashes.bin (F:\car_service_mobile_app\caches\6.5\fileHashes\fileHashes.bin)
2022-01-01T23:04:08.346+0530 [DEBUG] [org.gradle.cache.internal.btree.BTreePersistentIndexedCache] Closing cache resourceHashesCache.bin (F:\car_service_mobile_app\caches\6.5\fileHashes\resourceHashesCache.bin)
2022-01-01T23:04:08.346+0530 [DEBUG] [org.gradle.cache.internal.DefaultFileLockManager] Releasing lock on file hash cache (F:\car_service_mobile_app\caches\6.5\fileHashes).
2022-01-01T23:04:08.347+0530 [DEBUG] [org.gradle.cache.internal.LockOnDemandCrossProcessCacheAccess] Releasing file lock for execution history cache (F:\car_service_mobile_app\caches\6.5\executionHistory)
2022-01-01T23:04:08.347+0530 [DEBUG] [org.gradle.cache.internal.DefaultFileLockManager] Releasing lock on execution history cache (F:\car_service_mobile_app\caches\6.5\executionHistory).
2022-01-01T23:04:08.441+0530 [DEBUG] [org.gradle.cache.internal.VersionSpecificCacheCleanupAction] Processed version-specific caches at F:\car_service_mobile_app\caches for cleanup in 0.092 secs
Daemon vm is shutting down... The daemon has exited normally or was terminated in response to a user interrupt.
2022-01-01T23:04:08.482+0530 [DEBUG] [org.gradle.launcher.daemon.registry.PersistentDaemonRegistry] Removing daemon address: [da6692a5-cb8c-44c7-a18f-5e4bb8d11bfd port:60166, addresses:[localhost/127.0.0.1]]
2022-01-01T23:04:08.483+0530 [DEBUG] [org.gradle.cache.internal.DefaultFileLockManager] Waiting to acquire exclusive lock on daemon addresses registry.
2022-01-01T23:04:08.483+0530 [DEBUG] [org.gradle.cache.internal.DefaultFileLockManager] Lock acquired on daemon addresses registry.
2022-01-01T23:04:08.483+0530 [DEBUG] [org.gradle.cache.internal.DefaultFileLockManager] Releasing lock on daemon addresses registry.
